# JRE version: Java(TM) SE Runtime Environment (8.0_162-b12) (build 1.8.0_162-b12)
# Java VM: Java HotSpot(TM) 64-Bit Server VM (25.162-b12 mixed mode windows-amd64 compressed oops)
Heap:
 PSYoungGen      total 373248K, used 133649K [0x00000000e0800000, 0x00000000f9100000, 0x0000000100000000)
  eden space 362496K, 36% used [0x00000000e0800000,0x00000000e8a84560,0x00000000f6a00000)
  from space 10752K, 0% used [0x00000000f8680000,0x00000000f8680000,0x00000000f9100000)
  to   space 19968K, 0% used [0x00000000f6a00000,0x00000000f6a00000,0x00000000f7d80000)
 ParOldGen       total 81408K, used 30760K [0x00000000a1800000, 0x00000000a6780000, 0x00000000e0800000)
  object space 81408K, 37% used [0x00000000a1800000,0x00000000a360a3d8,0x00000000a6780000)
 Metaspace       used 62690K, capacity 65324K, committed 65560K, reserved 1105920K
  class space    used 8232K, capacity 8705K, committed 8752K, reserved 1048576K
GC Heap History (10 events):
Event: 8.453 GC heap before
{Heap before GC invocations=11 (full 2):
 PSYoungGen      total 199168K, used 7653K [0x00000000e0800000, 0x00000000f2180000, 0x0000000100000000)
  eden space 191488K, 0% used [0x00000000e0800000,0x00000000e0800000,0x00000000ec300000)
  from space 7680K, 99% used [0x00000000ec300000,0x00000000eca79718,0x00000000eca80000)
  to   space 12800K, 0% used [0x00000000f1500000,0x00000000f1500000,0x00000000f2180000)
 ParOldGen       total 37888K, used 18156K [0x00000000a1800000, 0x00000000a3d00000, 0x00000000e0800000)
  object space 37888K, 47% used [0x00000000a1800000,0x00000000a29bb228,0x00000000a3d00000)
 Metaspace       used 33789K, capacity 35318K, committed 35496K, reserved 1079296K
  class space    used 4382K, capacity 4690K, committed 4784K, reserved 1048576K
Event: 8.547 GC heap after
Heap after GC invocations=11 (full 2):
 PSYoungGen      total 199168K, used 0K [0x00000000e0800000, 0x00000000f2180000, 0x0000000100000000)
  eden space 191488K, 0% used [0x00000000e0800000,0x00000000e0800000,0x00000000ec300000)
  from space 7680K, 0% used [0x00000000ec300000,0x00000000ec300000,0x00000000eca80000)
  to   space 12800K, 0% used [0x00000000f1500000,0x00000000f1500000,0x00000000f2180000)
 ParOldGen       total 60928K, used 21560K [0x00000000a1800000, 0x00000000a5380000, 0x00000000e0800000)
  object space 60928K, 35% used [0x00000000a1800000,0x00000000a2d0e0b0,0x00000000a5380000)
 Metaspace       used 33789K, capacity 35318K, committed 35496K, reserved 1079296K
  class space    used 4382K, capacity 4690K, committed 4784K, reserved 1048576K
}
Event: 10.857 GC heap before
{Heap before GC invocations=12 (full 2):
 PSYoungGen      total 199168K, used 191488K [0x00000000e0800000, 0x00000000f2180000, 0x0000000100000000)
  eden space 191488K, 100% used [0x00000000e0800000,0x00000000ec300000,0x00000000ec300000)
  from space 7680K, 0% used [0x00000000ec300000,0x00000000ec300000,0x00000000eca80000)
  to   space 12800K, 0% used [0x00000000f1500000,0x00000000f1500000,0x00000000f2180000)
 ParOldGen       total 60928K, used 21560K [0x00000000a1800000, 0x00000000a5380000, 0x00000000e0800000)
  object space 60928K, 35% used [0x00000000a1800000,0x00000000a2d0e0b0,0x00000000a5380000)
 Metaspace       used 45027K, capacity 46688K, committed 47016K, reserved 1089536K
  class space    used 5921K, capacity 6243K, committed 6320K, reserved 1048576K
Event: 10.880 GC heap after
Heap after GC invocations=12 (full 2):
 PSYoungGen      total 273408K, used 12794K [0x00000000e0800000, 0x00000000f3580000, 0x0000000100000000)
  eden space 260608K, 0% used [0x00000000e0800000,0x00000000e0800000,0x00000000f0680000)
  from space 12800K, 99% used [0x00000000f1500000,0x00000000f217ea90,0x00000000f2180000)
  to   space 14848K, 0% used [0x00000000f0680000,0x00000000f0680000,0x00000000f1500000)
 ParOldGen       total 60928K, used 21831K [0x00000000a1800000, 0x00000000a5380000, 0x00000000e0800000)
  object space 60928K, 35% used [0x00000000a1800000,0x00000000a2d51fc8,0x00000000a5380000)
 Metaspace       used 45027K, capacity 46688K, committed 47016K, reserved 1089536K
  class space    used 5921K, capacity 6243K, committed 6320K, reserved 1048576K
}
Event: 26.140 GC heap before
{Heap before GC invocations=13 (full 2):
 PSYoungGen      total 273408K, used 273402K [0x00000000e0800000, 0x00000000f3580000, 0x0000000100000000)
  eden space 260608K, 100% used [0x00000000e0800000,0x00000000f0680000,0x00000000f0680000)
  from space 12800K, 99% used [0x00000000f1500000,0x00000000f217ea90,0x00000000f2180000)
  to   space 14848K, 0% used [0x00000000f0680000,0x00000000f0680000,0x00000000f1500000)
 ParOldGen       total 60928K, used 21831K [0x00000000a1800000, 0x00000000a5380000, 0x00000000e0800000)
  object space 60928K, 35% used [0x00000000a1800000,0x00000000a2d51fc8,0x00000000a5380000)
 Metaspace       used 55537K, capacity 58040K, committed 58280K, reserved 1099776K
  class space    used 7360K, capacity 7827K, committed 7856K, reserved 1048576K
Event: 26.183 GC heap after
Heap after GC invocations=13 (full 2):
 PSYoungGen      total 275456K, used 14831K [0x00000000e0800000, 0x00000000f9a00000, 0x0000000100000000)
  eden space 260608K, 0% used [0x00000000e0800000,0x00000000e0800000,0x00000000f0680000)
  from space 14848K, 99% used [0x00000000f0680000,0x00000000f14fbe98,0x00000000f1500000)
  to   space 19968K, 0% used [0x00000000f8680000,0x00000000f8680000,0x00000000f9a00000)
 ParOldGen       total 60928K, used 30322K [0x00000000a1800000, 0x00000000a5380000, 0x00000000e0800000)
  object space 60928K, 49% used [0x00000000a1800000,0x00000000a359ca28,0x00000000a5380000)
 Metaspace       used 55537K, capacity 58040K, committed 58280K, reserved 1099776K
  class space    used 7360K, capacity 7827K, committed 7856K, reserved 1048576K
}
Event: 39.618 GC heap before
{Heap before GC invocations=14 (full 2):
 PSYoungGen      total 275456K, used 42096K [0x00000000e0800000, 0x00000000f9a00000, 0x0000000100000000)
  eden space 260608K, 10% used [0x00000000e0800000,0x00000000e22a0290,0x00000000f0680000)
  from space 14848K, 99% used [0x00000000f0680000,0x00000000f14fbe98,0x00000000f1500000)
  to   space 19968K, 0% used [0x00000000f8680000,0x00000000f8680000,0x00000000f9a00000)
 ParOldGen       total 60928K, used 30322K [0x00000000a1800000, 0x00000000a5380000, 0x00000000e0800000)
  object space 60928K, 49% used [0x00000000a1800000,0x00000000a359ca28,0x00000000a5380000)
 Metaspace       used 56656K, capacity 59138K, committed 59160K, reserved 1099776K
  class space    used 7509K, capacity 7972K, committed 7984K, reserved 1048576K
Event: 39.643 GC heap after
Heap after GC invocations=14 (full 2):
 PSYoungGen      total 373248K, used 1282K [0x00000000e0800000, 0x00000000f9100000, 0x0000000100000000)
  eden space 362496K, 0% used [0x00000000e0800000,0x00000000e0800000,0x00000000f6a00000)
  from space 10752K, 11% used [0x00000000f8680000,0x00000000f87c0bf8,0x00000000f9100000)
  to   space 19968K, 0% used [0x00000000f6a00000,0x00000000f6a00000,0x00000000f7d80000)
 ParOldGen       total 60928K, used 40522K [0x00000000a1800000, 0x00000000a5380000, 0x00000000e0800000)
  object space 60928K, 66% used [0x00000000a1800000,0x00000000a3f92a78,0x00000000a5380000)
 Metaspace       used 56656K, capacity 59138K, committed 59160K, reserved 1099776K
  class space    used 7509K, capacity 7972K, committed 7984K, reserved 1048576K
}
Event: 39.643 GC heap before
{Heap before GC invocations=15 (full 3):
 PSYoungGen      total 373248K, used 1282K [0x00000000e0800000, 0x00000000f9100000, 0x0000000100000000)
  eden space 362496K, 0% used [0x00000000e0800000,0x00000000e0800000,0x00000000f6a00000)
  from space 10752K, 11% used [0x00000000f8680000,0x00000000f87c0bf8,0x00000000f9100000)
  to   space 19968K, 0% used [0x00000000f6a00000,0x00000000f6a00000,0x00000000f7d80000)
 ParOldGen       total 60928K, used 40522K [0x00000000a1800000, 0x00000000a5380000, 0x00000000e0800000)
  object space 60928K, 66% used [0x00000000a1800000,0x00000000a3f92a78,0x00000000a5380000)
 Metaspace       used 56656K, capacity 59138K, committed 59160K, reserved 1099776K
  class space    used 7509K, capacity 7972K, committed 7984K, reserved 1048576K
Event: 39.964 GC heap after
Heap after GC invocations=15 (full 3):
 PSYoungGen      total 373248K, used 0K [0x00000000e0800000, 0x00000000f9100000, 0x0000000100000000)
  eden space 362496K, 0% used [0x00000000e0800000,0x00000000e0800000,0x00000000f6a00000)
  from space 10752K, 0% used [0x00000000f8680000,0x00000000f8680000,0x00000000f9100000)
  to   space 19968K, 0% used [0x00000000f6a00000,0x00000000f6a00000,0x00000000f7d80000)
 ParOldGen       total 81408K, used 30760K [0x00000000a1800000, 0x00000000a6780000, 0x00000000e0800000)
  object space 81408K, 37% used [0x00000000a1800000,0x00000000a360a3d8,0x00000000a6780000)
 Metaspace       used 56652K, capacity 59132K, committed 59160K, reserved 1099776K
  class space    used 7508K, capacity 7971K, committed 7984K, reserved 1048576K
}

